<?xml version="1.0" encoding="UTF-8"?>
<testsuite name="com.jpmorgan.messagenotification.messagetype.SingleSaleMessageTypeTest" tests="3" skipped="0" failures="0" errors="0" timestamp="2017-07-03T21:18:06" hostname="DIPUPRAKSs-MBP" time="0.004">
  <properties/>
  <testcase name="shouldAcceptTheCorrectMessageFormat" classname="com.jpmorgan.messagenotification.messagetype.SingleSaleMessageTypeTest" time="0.001"/>
  <testcase name="shouldExtractProductInfoFromTheCorrectMessageFormat" classname="com.jpmorgan.messagenotification.messagetype.SingleSaleMessageTypeTest" time="0.001"/>
  <testcase name="shouldRejectsTheIncorrectCorrectMessageFormat" classname="com.jpmorgan.messagenotification.messagetype.SingleSaleMessageTypeTest" time="0.001"/>
  <system-out><![CDATA[]]></system-out>
  <system-err><![CDATA[]]></system-err>
</testsuite>
