<?xml version="1.0" encoding="UTF-8"?>
<testsuite name="com.jpmorgan.messagenotification.processor.MessageProcessorTest" tests="3" skipped="0" failures="0" errors="0" timestamp="2017-07-03T21:18:06" hostname="DIPUPRAKSs-MBP" time="0.012">
  <properties/>
  <testcase name="shouldRefuseMessageIfLimitReached" classname="com.jpmorgan.messagenotification.processor.MessageProcessorTest" time="0.009"/>
  <testcase name="shouldLogMessageAfterEvery10thMessage" classname="com.jpmorgan.messagenotification.processor.MessageProcessorTest" time="0.001"/>
  <testcase name="shouldLogMessageAfterEvery10thMessageForAllThreeTypesOfMessage" classname="com.jpmorgan.messagenotification.processor.MessageProcessorTest" time="0.001"/>
  <system-out><![CDATA[]]></system-out>
  <system-err><![CDATA[]]></system-err>
</testsuite>
