<?xml version="1.0" encoding="UTF-8"?>
<testsuite name="com.jpmorgan.fx.support.TradableDaysTest" tests="4" skipped="0" failures="0" errors="0" timestamp="2017-07-03T21:18:06" hostname="DIPUPRAKSs-MBP" time="0.009">
  <properties/>
  <testcase name="shouldReturnTheWorkingDateOfNonWorkingInputDateForDefaultCurrency" classname="com.jpmorgan.fx.support.TradableDaysTest" time="0.004"/>
  <testcase name="shouldReturnTheWorkingDateOfNonWorkingInputDateForAEDAndSARCurrency" classname="com.jpmorgan.fx.support.TradableDaysTest" time="0.002"/>
  <testcase name="shouldReturnTheSameWorkingDatePassedInTheInputForAEDAndSARCurrency" classname="com.jpmorgan.fx.support.TradableDaysTest" time="0.001"/>
  <testcase name="shouldReturnTheSameWorkingDatePassedInTheInputForDefaultCurrency" classname="com.jpmorgan.fx.support.TradableDaysTest" time="0.0"/>
  <system-out><![CDATA[]]></system-out>
  <system-err><![CDATA[]]></system-err>
</testsuite>
