<?xml version="1.0" encoding="UTF-8"?>
<testsuite name="com.jpmorgan.messagenotification.util.StringUtilTest" tests="2" skipped="0" failures="0" errors="0" timestamp="2017-07-03T21:18:06" hostname="DIPUPRAKSs-MBP" time="0.002">
  <properties/>
  <testcase name="shouldReturnSingularFormOfSingularWords" classname="com.jpmorgan.messagenotification.util.StringUtilTest" time="0.001"/>
  <testcase name="shouldReturnSingularFormOfPluralWords" classname="com.jpmorgan.messagenotification.util.StringUtilTest" time="0.001"/>
  <system-out><![CDATA[]]></system-out>
  <system-err><![CDATA[]]></system-err>
</testsuite>
