<?xml version="1.0" encoding="UTF-8"?>
<testsuite name="com.jpmorgan.messagenotification.messagetype.AdjustmentMessageTypeTest" tests="3" skipped="0" failures="0" errors="0" timestamp="2017-07-03T21:18:06" hostname="DIPUPRAKSs-MBP" time="0.01">
  <properties/>
  <testcase name="shouldAcceptTheCorrectMessageFormat" classname="com.jpmorgan.messagenotification.messagetype.AdjustmentMessageTypeTest" time="0.002"/>
  <testcase name="shouldExtractProductInfoFromTheCorrectMessageFormat" classname="com.jpmorgan.messagenotification.messagetype.AdjustmentMessageTypeTest" time="0.007"/>
  <testcase name="shouldRejectsTheIncorrectCorrectMessageFormat" classname="com.jpmorgan.messagenotification.messagetype.AdjustmentMessageTypeTest" time="0.0"/>
  <system-out><![CDATA[]]></system-out>
  <system-err><![CDATA[]]></system-err>
</testsuite>
